[0.153s] DEBUG:colcon:Command line arguments: ['/usr/bin/colcon', 'list', '-p', '--base-paths', '/home/shon/git_repos/CARTEAV-Simulator/lgsvl_scenarios']
[0.153s] DEBUG:colcon:Parsed command line arguments: Namespace(base_paths=['/home/shon/git_repos/CARTEAV-Simulator/lgsvl_scenarios'], build_base='build', ignore_user_meta=False, log_base=None, log_level=None, main=<bound method ListVerb.main of <colcon_package_information.verb.list.ListVerb object at 0x7f90dc6f0b50>>, metas=['./colcon.meta'], names_only=False, packages_above=None, packages_above_and_dependencies=None, packages_above_depth=None, packages_end=None, packages_ignore=None, packages_ignore_regex=None, packages_select=None, packages_select_build_failed=False, packages_select_by_dep=None, packages_select_regex=None, packages_select_test_failures=False, packages_skip=None, packages_skip_build_finished=False, packages_skip_by_dep=None, packages_skip_regex=None, packages_skip_test_passed=False, packages_skip_up_to=None, packages_start=None, packages_up_to=None, packages_up_to_regex=None, paths=None, paths_only=True, topological_graph=False, topological_graph_density=False, topological_graph_dot=False, topological_graph_dot_cluster=False, topological_graph_dot_include_skipped=False, topological_graph_legend=False, topological_order=False, verb_extension=<colcon_package_information.verb.list.ListVerb object at 0x7f90dc6f0b50>, verb_name='list', verb_parser=<colcon_defaults.argument_parser.defaults.DefaultArgumentsDecorator object at 0x7f90dc6f5ca0>)
[0.198s] Level 1:colcon.colcon_core.package_discovery:discover_packages(colcon_meta) check parameters
[0.198s] Level 1:colcon.colcon_core.package_discovery:discover_packages(recursive) check parameters
[0.199s] Level 1:colcon.colcon_core.package_discovery:discover_packages(ignore) check parameters
[0.199s] Level 1:colcon.colcon_core.package_discovery:discover_packages(path) check parameters
[0.199s] Level 1:colcon.colcon_core.package_discovery:discover_packages(recursive) discover
[0.199s] INFO:colcon.colcon_core.package_discovery:Crawling recursively for packages in '/home/shon/git_repos/CARTEAV-Simulator/lgsvl_scenarios'
[0.199s] Level 1:colcon.colcon_core.package_identification:_identify(/home/shon/git_repos/CARTEAV-Simulator/lgsvl_scenarios) by extensions ['ignore', 'ignore_ament_install']
[0.199s] Level 1:colcon.colcon_core.package_identification:_identify(/home/shon/git_repos/CARTEAV-Simulator/lgsvl_scenarios) by extension 'ignore'
[0.199s] Level 1:colcon.colcon_core.package_identification:_identify(/home/shon/git_repos/CARTEAV-Simulator/lgsvl_scenarios) by extension 'ignore_ament_install'
[0.199s] Level 1:colcon.colcon_core.package_identification:_identify(/home/shon/git_repos/CARTEAV-Simulator/lgsvl_scenarios) by extensions ['colcon_pkg']
[0.199s] Level 1:colcon.colcon_core.package_identification:_identify(/home/shon/git_repos/CARTEAV-Simulator/lgsvl_scenarios) by extension 'colcon_pkg'
[0.200s] Level 1:colcon.colcon_core.package_identification:_identify(/home/shon/git_repos/CARTEAV-Simulator/lgsvl_scenarios) by extensions ['colcon_meta']
[0.200s] Level 1:colcon.colcon_core.package_identification:_identify(/home/shon/git_repos/CARTEAV-Simulator/lgsvl_scenarios) by extension 'colcon_meta'
[0.200s] Level 1:colcon.colcon_core.package_identification:_identify(/home/shon/git_repos/CARTEAV-Simulator/lgsvl_scenarios) by extensions ['ros']
[0.200s] Level 1:colcon.colcon_core.package_identification:_identify(/home/shon/git_repos/CARTEAV-Simulator/lgsvl_scenarios) by extension 'ros'
[0.219s] Level 1:colcon.colcon_core.package_identification:_identify(/home/shon/git_repos/CARTEAV-Simulator/lgsvl_scenarios) by extensions ['cmake', 'python']
[0.219s] Level 1:colcon.colcon_core.package_identification:_identify(/home/shon/git_repos/CARTEAV-Simulator/lgsvl_scenarios) by extension 'cmake'
[0.219s] Level 1:colcon.colcon_core.package_identification:_identify(/home/shon/git_repos/CARTEAV-Simulator/lgsvl_scenarios) by extension 'python'
[0.219s] Level 1:colcon.colcon_core.package_identification:_identify(/home/shon/git_repos/CARTEAV-Simulator/lgsvl_scenarios) by extensions ['python_setup_py']
[0.219s] Level 1:colcon.colcon_core.package_identification:_identify(/home/shon/git_repos/CARTEAV-Simulator/lgsvl_scenarios) by extension 'python_setup_py'
[0.220s] Level 1:colcon.colcon_core.package_identification:_identify(/home/shon/git_repos/CARTEAV-Simulator/lgsvl_scenarios/__pycache__) by extensions ['ignore', 'ignore_ament_install']
[0.220s] Level 1:colcon.colcon_core.package_identification:_identify(/home/shon/git_repos/CARTEAV-Simulator/lgsvl_scenarios/__pycache__) by extension 'ignore'
[0.220s] Level 1:colcon.colcon_core.package_identification:_identify(/home/shon/git_repos/CARTEAV-Simulator/lgsvl_scenarios/__pycache__) by extension 'ignore_ament_install'
[0.220s] Level 1:colcon.colcon_core.package_identification:_identify(/home/shon/git_repos/CARTEAV-Simulator/lgsvl_scenarios/__pycache__) by extensions ['colcon_pkg']
[0.220s] Level 1:colcon.colcon_core.package_identification:_identify(/home/shon/git_repos/CARTEAV-Simulator/lgsvl_scenarios/__pycache__) by extension 'colcon_pkg'
[0.220s] Level 1:colcon.colcon_core.package_identification:_identify(/home/shon/git_repos/CARTEAV-Simulator/lgsvl_scenarios/__pycache__) by extensions ['colcon_meta']
[0.220s] Level 1:colcon.colcon_core.package_identification:_identify(/home/shon/git_repos/CARTEAV-Simulator/lgsvl_scenarios/__pycache__) by extension 'colcon_meta'
[0.220s] Level 1:colcon.colcon_core.package_identification:_identify(/home/shon/git_repos/CARTEAV-Simulator/lgsvl_scenarios/__pycache__) by extensions ['ros']
[0.220s] Level 1:colcon.colcon_core.package_identification:_identify(/home/shon/git_repos/CARTEAV-Simulator/lgsvl_scenarios/__pycache__) by extension 'ros'
[0.221s] Level 1:colcon.colcon_core.package_identification:_identify(/home/shon/git_repos/CARTEAV-Simulator/lgsvl_scenarios/__pycache__) by extensions ['cmake', 'python']
[0.221s] Level 1:colcon.colcon_core.package_identification:_identify(/home/shon/git_repos/CARTEAV-Simulator/lgsvl_scenarios/__pycache__) by extension 'cmake'
[0.221s] Level 1:colcon.colcon_core.package_identification:_identify(/home/shon/git_repos/CARTEAV-Simulator/lgsvl_scenarios/__pycache__) by extension 'python'
[0.221s] Level 1:colcon.colcon_core.package_identification:_identify(/home/shon/git_repos/CARTEAV-Simulator/lgsvl_scenarios/__pycache__) by extensions ['python_setup_py']
[0.221s] Level 1:colcon.colcon_core.package_identification:_identify(/home/shon/git_repos/CARTEAV-Simulator/lgsvl_scenarios/__pycache__) by extension 'python_setup_py'
[0.221s] Level 1:colcon.colcon_core.package_identification:_identify(/home/shon/git_repos/CARTEAV-Simulator/lgsvl_scenarios/log) by extensions ['ignore', 'ignore_ament_install']
[0.221s] Level 1:colcon.colcon_core.package_identification:_identify(/home/shon/git_repos/CARTEAV-Simulator/lgsvl_scenarios/log) by extension 'ignore'
[0.221s] Level 1:colcon.colcon_core.package_identification:_identify(/home/shon/git_repos/CARTEAV-Simulator/lgsvl_scenarios/log) ignored
[0.222s] Level 1:colcon.colcon_core.package_discovery:discover_packages(recursive) using defaults
